<?xml version="1.0" encoding="UTF-8"?>
<!-- Generated by org.testng.reporters.JUnitReportReporter -->
<testsuite hostname="sureerat-VirtualBox" name="com.calculator_fumie_sureerat.CalculatorActionListenerTest" tests="11" failures="0" timestamp="15 Dec 2018 10:35:32 GMT" time="2.885" errors="0">
  <testcase name="testMod" time="0.365" classname="com.calculator_fumie_sureerat.CalculatorActionListenerTest"/>
  <testcase name="testMultiplication" time="0.200" classname="com.calculator_fumie_sureerat.CalculatorActionListenerTest"/>
  <testcase name="testCosine" time="0.129" classname="com.calculator_fumie_sureerat.CalculatorActionListenerTest"/>
  <testcase name="testSine" time="0.323" classname="com.calculator_fumie_sureerat.CalculatorActionListenerTest"/>
  <testcase name="testSubstraction" time="0.155" classname="com.calculator_fumie_sureerat.CalculatorActionListenerTest"/>
  <testcase name="testAddition" time="0.150" classname="com.calculator_fumie_sureerat.CalculatorActionListenerTest"/>
  <testcase name="testSqrt" time="0.214" classname="com.calculator_fumie_sureerat.CalculatorActionListenerTest"/>
  <testcase name="testDivision" time="0.230" classname="com.calculator_fumie_sureerat.CalculatorActionListenerTest"/>
  <testcase name="testTangent" time="0.737" classname="com.calculator_fumie_sureerat.CalculatorActionListenerTest"/>
  <testcase name="testX2" time="0.159" classname="com.calculator_fumie_sureerat.CalculatorActionListenerTest"/>
  <testcase name="testX3" time="0.223" classname="com.calculator_fumie_sureerat.CalculatorActionListenerTest"/>
</testsuite> <!-- com.calculator_fumie_sureerat.CalculatorActionListenerTest -->
